Unity Editor version:    2020.3.18f1 (a7d1c678663c)
Branch:                  2020.3/staging
Build type:              Release
Batch mode:              YES
macOS version:           Version 12.0.1 (Build 21A559)
Darwin version:          21.1.0
Architecture:            x86_64
Running under Rosetta:   NO
Available memory:        65536 MB
Using pre-set license
Pro License: NO

COMMAND LINE ARGUMENTS:
/Applications/Unity/Hub/Editor/2020.3.18f1/Unity.app/Contents/MacOS/Unity
-adb2
-batchMode
-noUpm
-name
AssetImportWorker0
-projectPath
/Volumes/A025 8/8_Unity/2022-09-22_LevelDesign/LevelDesingURP/LevelDesignURP
-logFile
Logs/AssetImportWorker0.log
-srvPort
49566
Successfully changed project path to: /Volumes/A025 8/8_Unity/2022-09-22_LevelDesign/LevelDesingURP/LevelDesignURP
/Volumes/A025 8/8_Unity/2022-09-22_LevelDesign/LevelDesingURP/LevelDesignURP
Using Asset Import Pipeline V2.
Refreshing native plugins compatible for Editor in 76.26 ms, found 2 plugins.
Preloading 0 native plugins for Editor in 0.00 ms.
Initialize engine version: 2020.3.18f1 (a7d1c678663c)
[Subsystems] Discovering subsystems at path /Applications/Unity/Hub/Editor/2020.3.18f1/Unity.app/Contents/Resources/UnitySubsystems
[Subsystems] Discovering subsystems at path /Volumes/A025 8/8_Unity/2022-09-22_LevelDesign/LevelDesingURP/LevelDesignURP/Assets
GfxDevice: creating device client; threaded=0
2022-10-12 08:46:38.691 Unity[2890:30785] BenQ LCD preferred device: AMD Radeon HD - FirePro D300 (high power)
2022-10-12 08:46:38.691 Unity[2890:30785] Metal devices available: 2
2022-10-12 08:46:38.691 Unity[2890:30785] 0: AMD Radeon HD - FirePro D300 (high power)
2022-10-12 08:46:38.691 Unity[2890:30785] 1: AMD Radeon HD - FirePro D300 (high power)
2022-10-12 08:46:38.691 Unity[2890:30785] Using device AMD Radeon HD - FirePro D300 (high power)
Initializing Metal device caps: AMD Radeon HD - FirePro D300
Initialize mono
Mono path[0] = '/Applications/Unity/Hub/Editor/2020.3.18f1/Unity.app/Contents/Managed'
Mono path[1] = '/Applications/Unity/Hub/Editor/2020.3.18f1/Unity.app/Contents/MonoBleedingEdge/lib/mono/unityjit'
Mono config path = '/Applications/Unity/Hub/Editor/2020.3.18f1/Unity.app/Contents/MonoBleedingEdge/etc'
Using monoOptions --debugger-agent=transport=dt_socket,embedding=1,server=y,suspend=n,address=127.0.0.1:56890
Begin MonoManager ReloadAssembly
Registering precompiled unity dll's ...
Register platform support module: /Applications/Unity/Hub/Editor/2020.3.18f1/PlaybackEngines/WebGLSupport/UnityEditor.WebGL.Extensions.dll
Register platform support module: /Applications/Unity/Hub/Editor/2020.3.18f1/Unity.app/Contents/PlaybackEngines/MacStandaloneSupport/UnityEditor.OSXStandalone.Extensions.dll
Registered in 0.001026 seconds.
Native extension for OSXStandalone target not found
Native extension for WebGL target not found
Refreshing native plugins compatible for Editor in 84.00 ms, found 2 plugins.
Preloading 0 native plugins for Editor in 0.00 ms.
Mono: successfully reloaded assembly
- Completed reload, in  5.292 seconds
Domain Reload Profiling:
	ReloadAssembly (5292ms)
		BeginReloadAssembly (69ms)
			ExecutionOrderSort (0ms)
			DisableScriptedObjects (0ms)
			BackupInstance (0ms)
			ReleaseScriptingObjects (0ms)
			CreateAndSetChildDomain (1ms)
		EndReloadAssembly (700ms)
			LoadAssemblies (68ms)
			RebuildTransferFunctionScriptingTraits (0ms)
			SetupTypeCache (255ms)
			ReleaseScriptCaches (0ms)
			RebuildScriptCaches (55ms)
			SetupLoadedEditorAssemblies (314ms)
				LogAssemblyErrors (0ms)
				InitializePlatformSupportModulesInManaged (7ms)
				SetLoadedEditorAssemblies (0ms)
				RefreshPlugins (84ms)
				BeforeProcessingInitializeOnLoad (38ms)
				ProcessInitializeOnLoadAttributes (144ms)
				ProcessInitializeOnLoadMethodAttributes (41ms)
				AfterProcessingInitializeOnLoad (0ms)
				EditorAssembliesLoaded (0ms)
			ExecutionOrderSort2 (0ms)
			AwakeInstancesAfterBackupRestoration (0ms)
Platform modules already initialized, skipping
Registering precompiled user dll's ...
Registered in 0.003172 seconds.
Begin MonoManager ReloadAssembly
Native extension for OSXStandalone target not found
Native extension for WebGL target not found
Refreshing native plugins compatible for Editor in 88.86 ms, found 2 plugins.
Preloading 0 native plugins for Editor in 0.00 ms.
Mono: successfully reloaded assembly
- Completed reload, in  1.948 seconds
Domain Reload Profiling:
	ReloadAssembly (1949ms)
		BeginReloadAssembly (226ms)
			ExecutionOrderSort (0ms)
			DisableScriptedObjects (8ms)
			BackupInstance (0ms)
			ReleaseScriptingObjects (0ms)
			CreateAndSetChildDomain (29ms)
		EndReloadAssembly (1612ms)
			LoadAssemblies (121ms)
			RebuildTransferFunctionScriptingTraits (0ms)
			SetupTypeCache (542ms)
			ReleaseScriptCaches (1ms)
			RebuildScriptCaches (93ms)
			SetupLoadedEditorAssemblies (677ms)
				LogAssemblyErrors (0ms)
				InitializePlatformSupportModulesInManaged (8ms)
				SetLoadedEditorAssemblies (0ms)
				RefreshPlugins (89ms)
				BeforeProcessingInitializeOnLoad (128ms)
				ProcessInitializeOnLoadAttributes (407ms)
				ProcessInitializeOnLoadMethodAttributes (43ms)
				AfterProcessingInitializeOnLoad (3ms)
				EditorAssembliesLoaded (0ms)
			ExecutionOrderSort2 (0ms)
			AwakeInstancesAfterBackupRestoration (10ms)
Platform modules already initialized, skipping
Validating Project structure ... 0.009004 seconds.
Shader import version has changed; will reimport all shaders...
Upgrading shader files ...0.014055 seconds.
Application.AssetDatabase Initial Script Refresh Start
RefreshInfo: InitialScriptRefreshV2(NoUpdateAssetOptions) scanfilter:  ... 1 filters
RefreshProfiler: Total: 0.000ms
Application.AssetDatabase Initial Script Refresh End
Application.AssetDatabase.Refresh Start
Application.AssetDatabase.Refresh End
RefreshInfo: StopAssetImportingV2(ForceSynchronousImport) scanfilter: 
RefreshProfiler: Total: 0.000ms
Launching external process: /Applications/Unity/Hub/Editor/2020.3.18f1/Unity.app/Contents/Tools/UnityShaderCompiler
Launched and connected shader compiler UnityShaderCompiler after 0.01 seconds
Initializing Unity extensions:
2022-10-12 08:46:47.835 Unity[2890:30785] NSEventModifierFlagFunction specified to -setKeyEquivalentModifierMask: for item <NSMenuItem: 0x60000192d420 Font Asset, ke='Command-F12'>, but is only supported for system-provided menu items; will not be used
2022-10-12 08:46:47.843 Unity[2890:30785] NSEventModifierFlagFunction specified to -setKeyEquivalentModifierMask: for item <NSMenuItem: 0x600001acadf0 Font Asset, ke='Command-F12'>, but is only supported for system-provided menu items; will not be used
========================================================================
Worker process is ready to serve import requests
Refreshing native plugins compatible for Editor in 0.71 ms, found 2 plugins.
Preloading 0 native plugins for Editor in 0.00 ms.
Unloading 3169 Unused Serialized files (Serialized files now loaded: 0)
System memory in use before: 292.6 MB.
System memory in use after: 292.3 MB.

Unloading 184 unused Assets to reduce memory usage. Loaded Objects now: 3645.
Total: 4.981482 ms (FindLiveObjects: 0.380441 ms CreateObjectMapping: 0.132103 ms MarkObjects: 4.085095 ms  DeleteObjects: 0.382475 ms)

AssetImportParameters requested are different than current active one (requested -> active):
  custom:video-decoder-ogg-theora: a1e56fd34408186e4bbccfd4996cb3dc -> 
  custom:container-muxer-webm: aa71ff27fc2769a1b78a27578f13a17b -> 
  custom:container-demuxer-webm: 4f35f7cbe854078d1ac9338744f61a02 -> 
  custom:container-demuxer-ogg: 62fdf1f143b41e24485cea50d1cbac27 -> 
  custom:video-encoder-webm-vp8: eb34c28f22e8b96e1ab97ce403110664 -> 
  custom:framework-osx-AVFoundation: e770b220cccbd017edd2c1fefb359320 -> 
  custom:video-decoder-webm-vp8: 9c59270c3fd7afecdb556c50c9e8de78 -> 
  custom:audio-decoder-ogg-vorbis: bf7c407c2cedff20999df2af8eb42d56 -> 
  custom:audio-encoder-webm-vorbis: bf7c407c2cedff20999df2af8eb42d56 -> 
========================================================================
Received Import Request.
  path: Assets/GameDevHQ/FileBase/3D/Environments/Sci-Fi/Scifi_Floors_01_12/FBX/Scifi_Floors_01.fbx
  artifactKey: Guid(f72987810951c4f66a9141f3f96a87d5) Importer(815301076,1909f56bfc062723c751e8b465ee728b)
Start importing Assets/GameDevHQ/FileBase/3D/Environments/Sci-Fi/Scifi_Floors_01_12/FBX/Scifi_Floors_01.fbx using Guid(f72987810951c4f66a9141f3f96a87d5) Importer(815301076,1909f56bfc062723c751e8b465ee728b)  -> (artifact id: 'd6388fd8cdfe71ff4d0af3abe9df86ba') in 0.637068 seconds 
  Import took 0.644215 seconds .

========================================================================
Received Import Request.
  Time since last request: 39.674794 seconds.
  path: Assets/GameDevHQ/FileBase/3D/Environments/Sci-Fi/Scifi_Floors_01_12/FBX/Scifi_Floors_12.fbx
  artifactKey: Guid(c697a914116cb4b75b9e4625a6ef69ab) Importer(815301076,1909f56bfc062723c751e8b465ee728b)
Start importing Assets/GameDevHQ/FileBase/3D/Environments/Sci-Fi/Scifi_Floors_01_12/FBX/Scifi_Floors_12.fbx using Guid(c697a914116cb4b75b9e4625a6ef69ab) Importer(815301076,1909f56bfc062723c751e8b465ee728b)  -> (artifact id: '2389e61b3a488f5833d0944777e1adc7') in 0.043632 seconds 
  Import took 0.051357 seconds .

========================================================================
Received Import Request.
  Time since last request: 40.848527 seconds.
  path: Assets/GameDevHQ/FileBase/3D/Environments/Sci-Fi/Scifi_Floors_01_12/tex/Grounds_Emission2.png
  artifactKey: Guid(5d9428407602f41e8a4b1cae881e9dec) Importer(815301076,1909f56bfc062723c751e8b465ee728b)
Start importing Assets/GameDevHQ/FileBase/3D/Environments/Sci-Fi/Scifi_Floors_01_12/tex/Grounds_Emission2.png using Guid(5d9428407602f41e8a4b1cae881e9dec) Importer(815301076,1909f56bfc062723c751e8b465ee728b)  -> (artifact id: 'ff3987e958995f75458aead828993784') in 0.120138 seconds 
  Import took 0.125918 seconds .

========================================================================
Received Import Request.
  Time since last request: 571.109561 seconds.
  path: Assets/GameDevHQ/FileBase/3D/Environments/Sci-Fi/Scifi_Floors_01_12/tex/Grounds_Emission3.png
  artifactKey: Guid(4b8de29300052468fa000c6894724775) Importer(815301076,1909f56bfc062723c751e8b465ee728b)
Start importing Assets/GameDevHQ/FileBase/3D/Environments/Sci-Fi/Scifi_Floors_01_12/tex/Grounds_Emission3.png using Guid(4b8de29300052468fa000c6894724775) Importer(815301076,1909f56bfc062723c751e8b465ee728b)  -> (artifact id: '2cddd5085878f492c6baac91e0d470a5') in 0.015808 seconds 
  Import took 0.021866 seconds .

========================================================================
Received Import Request.
  Time since last request: 0.006620 seconds.
  path: Assets/GameDevHQ/FileBase/3D/Environments/Sci-Fi/Scifi_Floors_01_12/tex/Grounds_Emission3.png
  artifactKey: Guid(4b8de29300052468fa000c6894724775) Importer(815301076,1909f56bfc062723c751e8b465ee728b)
Start importing Assets/GameDevHQ/FileBase/3D/Environments/Sci-Fi/Scifi_Floors_01_12/tex/Grounds_Emission3.png using Guid(4b8de29300052468fa000c6894724775) Importer(815301076,1909f56bfc062723c751e8b465ee728b)  -> (artifact id: '2cddd5085878f492c6baac91e0d470a5') in 0.013522 seconds 
  Import took 0.019378 seconds .

========================================================================
Received Import Request.
  Time since last request: 2677.500979 seconds.
  path: Assets/GameDevHQ/FileBase/3D/Environments/Sci-Fi/Scifi_Columns_01_03/FBX
  artifactKey: Guid(a908675e26ffb4943a689ab0d18e8a28) Importer(815301076,1909f56bfc062723c751e8b465ee728b)
Start importing Assets/GameDevHQ/FileBase/3D/Environments/Sci-Fi/Scifi_Columns_01_03/FBX using Guid(a908675e26ffb4943a689ab0d18e8a28) Importer(815301076,1909f56bfc062723c751e8b465ee728b)  -> (artifact id: '04675c33adeb1ec8cb49439c14e53b26') in 0.005385 seconds 
  Import took 0.010435 seconds .

========================================================================
Received Import Request.
  Time since last request: 0.000750 seconds.
  path: Assets/GameDevHQ/FileBase/3D/Environments/Sci-Fi/Scifi_Columns_01_03/FBX
  artifactKey: Guid(a908675e26ffb4943a689ab0d18e8a28) Importer(815301076,1909f56bfc062723c751e8b465ee728b)
Start importing Assets/GameDevHQ/FileBase/3D/Environments/Sci-Fi/Scifi_Columns_01_03/FBX using Guid(a908675e26ffb4943a689ab0d18e8a28) Importer(815301076,1909f56bfc062723c751e8b465ee728b)  -> (artifact id: '04675c33adeb1ec8cb49439c14e53b26') in 0.001653 seconds 
  Import took 0.007417 seconds .

========================================================================
Received Import Request.
  Time since last request: 3.931068 seconds.
  path: Assets/GameDevHQ/FileBase/3D/Environments/Sci-Fi/Scifi_Terminal_07
  artifactKey: Guid(63b2e05f39833482a8c930df4222b6f5) Importer(815301076,1909f56bfc062723c751e8b465ee728b)
Start importing Assets/GameDevHQ/FileBase/3D/Environments/Sci-Fi/Scifi_Terminal_07 using Guid(63b2e05f39833482a8c930df4222b6f5) Importer(815301076,1909f56bfc062723c751e8b465ee728b)  -> (artifact id: '8cf372ffa06389b5779b789a47b97011') in 0.005397 seconds 
  Import took 0.012222 seconds .

========================================================================
Received Import Request.
  Time since last request: 3.554064 seconds.
  path: Assets/GameDevHQ/FileBase/3D/Environments/Sci-Fi/Scifi_Terminal_07/FBX/Scifi_Terminal_07.fbx
  artifactKey: Guid(d4dbecce3757542edbc21e32ebad0b2f) Importer(815301076,1909f56bfc062723c751e8b465ee728b)
Start importing Assets/GameDevHQ/FileBase/3D/Environments/Sci-Fi/Scifi_Terminal_07/FBX/Scifi_Terminal_07.fbx using Guid(d4dbecce3757542edbc21e32ebad0b2f) Importer(815301076,1909f56bfc062723c751e8b465ee728b)  -> (artifact id: 'e268db4162a8bc3ac1f2d1593529450d') in 0.058257 seconds 
  Import took 0.065378 seconds .

========================================================================
Received Import Request.
  Time since last request: 204.068965 seconds.
  path: Assets/GameDevHQ
  artifactKey: Guid(db8488794290d4b57bd2a37bd3be6dbd) Importer(815301076,1909f56bfc062723c751e8b465ee728b)
Start importing Assets/GameDevHQ using Guid(db8488794290d4b57bd2a37bd3be6dbd) Importer(815301076,1909f56bfc062723c751e8b465ee728b)  -> (artifact id: '16892996d884e01275e3c697a75760bc') in 0.005752 seconds 
  Import took 0.012374 seconds .

