Unity Editor version:    2020.3.18f1 (a7d1c678663c)
Branch:                  2020.3/staging
Build type:              Release
Batch mode:              YES
macOS version:           Version 12.0.1 (Build 21A559)
Darwin version:          21.1.0
Architecture:            x86_64
Running under Rosetta:   NO
Available memory:        65536 MB
Using pre-set license
Pro License: NO

COMMAND LINE ARGUMENTS:
/Applications/Unity/Hub/Editor/2020.3.18f1/Unity.app/Contents/MacOS/Unity
-adb2
-batchMode
-noUpm
-name
AssetImportWorker0
-projectPath
/Volumes/A025 8/8_Unity/2022-09-22_LevelDesign/LevelDesingURP/LevelDesignURP
-logFile
Logs/AssetImportWorker0.log
-srvPort
49409
Successfully changed project path to: /Volumes/A025 8/8_Unity/2022-09-22_LevelDesign/LevelDesingURP/LevelDesignURP
/Volumes/A025 8/8_Unity/2022-09-22_LevelDesign/LevelDesingURP/LevelDesignURP
Using Asset Import Pipeline V2.
Refreshing native plugins compatible for Editor in 75.74 ms, found 2 plugins.
Preloading 0 native plugins for Editor in 0.00 ms.
Initialize engine version: 2020.3.18f1 (a7d1c678663c)
[Subsystems] Discovering subsystems at path /Applications/Unity/Hub/Editor/2020.3.18f1/Unity.app/Contents/Resources/UnitySubsystems
[Subsystems] Discovering subsystems at path /Volumes/A025 8/8_Unity/2022-09-22_LevelDesign/LevelDesingURP/LevelDesignURP/Assets
GfxDevice: creating device client; threaded=0
2022-10-12 08:38:17.562 Unity[2769:24615] BenQ LCD preferred device: AMD Radeon HD - FirePro D300 (high power)
2022-10-12 08:38:17.562 Unity[2769:24615] Metal devices available: 2
2022-10-12 08:38:17.562 Unity[2769:24615] 0: AMD Radeon HD - FirePro D300 (high power)
2022-10-12 08:38:17.562 Unity[2769:24615] 1: AMD Radeon HD - FirePro D300 (high power)
2022-10-12 08:38:17.562 Unity[2769:24615] Using device AMD Radeon HD - FirePro D300 (high power)
Initializing Metal device caps: AMD Radeon HD - FirePro D300
Initialize mono
Mono path[0] = '/Applications/Unity/Hub/Editor/2020.3.18f1/Unity.app/Contents/Managed'
Mono path[1] = '/Applications/Unity/Hub/Editor/2020.3.18f1/Unity.app/Contents/MonoBleedingEdge/lib/mono/unityjit'
Mono config path = '/Applications/Unity/Hub/Editor/2020.3.18f1/Unity.app/Contents/MonoBleedingEdge/etc'
Using monoOptions --debugger-agent=transport=dt_socket,embedding=1,server=y,suspend=n,address=127.0.0.1:56769
Begin MonoManager ReloadAssembly
Registering precompiled unity dll's ...
Register platform support module: /Applications/Unity/Hub/Editor/2020.3.18f1/PlaybackEngines/WebGLSupport/UnityEditor.WebGL.Extensions.dll
Register platform support module: /Applications/Unity/Hub/Editor/2020.3.18f1/Unity.app/Contents/PlaybackEngines/MacStandaloneSupport/UnityEditor.OSXStandalone.Extensions.dll
Registered in 0.001047 seconds.
Native extension for OSXStandalone target not found
Native extension for WebGL target not found
Refreshing native plugins compatible for Editor in 78.70 ms, found 2 plugins.
Preloading 0 native plugins for Editor in 0.00 ms.
Mono: successfully reloaded assembly
- Completed reload, in  5.202 seconds
Domain Reload Profiling:
	ReloadAssembly (5202ms)
		BeginReloadAssembly (61ms)
			ExecutionOrderSort (0ms)
			DisableScriptedObjects (0ms)
			BackupInstance (0ms)
			ReleaseScriptingObjects (0ms)
			CreateAndSetChildDomain (1ms)
		EndReloadAssembly (644ms)
			LoadAssemblies (60ms)
			RebuildTransferFunctionScriptingTraits (0ms)
			SetupTypeCache (230ms)
			ReleaseScriptCaches (0ms)
			RebuildScriptCaches (46ms)
			SetupLoadedEditorAssemblies (298ms)
				LogAssemblyErrors (0ms)
				InitializePlatformSupportModulesInManaged (6ms)
				SetLoadedEditorAssemblies (0ms)
				RefreshPlugins (79ms)
				BeforeProcessingInitializeOnLoad (36ms)
				ProcessInitializeOnLoadAttributes (139ms)
				ProcessInitializeOnLoadMethodAttributes (37ms)
				AfterProcessingInitializeOnLoad (0ms)
				EditorAssembliesLoaded (0ms)
			ExecutionOrderSort2 (0ms)
			AwakeInstancesAfterBackupRestoration (0ms)
Platform modules already initialized, skipping
Registering precompiled user dll's ...
Registered in 0.003519 seconds.
Begin MonoManager ReloadAssembly
Native extension for OSXStandalone target not found
Native extension for WebGL target not found
Refreshing native plugins compatible for Editor in 86.91 ms, found 2 plugins.
Preloading 0 native plugins for Editor in 0.00 ms.
Mono: successfully reloaded assembly
- Completed reload, in  1.914 seconds
Domain Reload Profiling:
	ReloadAssembly (1915ms)
		BeginReloadAssembly (217ms)
			ExecutionOrderSort (0ms)
			DisableScriptedObjects (7ms)
			BackupInstance (0ms)
			ReleaseScriptingObjects (0ms)
			CreateAndSetChildDomain (30ms)
		EndReloadAssembly (1600ms)
			LoadAssemblies (125ms)
			RebuildTransferFunctionScriptingTraits (0ms)
			SetupTypeCache (558ms)
			ReleaseScriptCaches (1ms)
			RebuildScriptCaches (91ms)
			SetupLoadedEditorAssemblies (665ms)
				LogAssemblyErrors (0ms)
				InitializePlatformSupportModulesInManaged (8ms)
				SetLoadedEditorAssemblies (0ms)
				RefreshPlugins (87ms)
				BeforeProcessingInitializeOnLoad (128ms)
				ProcessInitializeOnLoadAttributes (399ms)
				ProcessInitializeOnLoadMethodAttributes (40ms)
				AfterProcessingInitializeOnLoad (2ms)
				EditorAssembliesLoaded (0ms)
			ExecutionOrderSort2 (0ms)
			AwakeInstancesAfterBackupRestoration (9ms)
Platform modules already initialized, skipping
Validating Project structure ... 0.008946 seconds.
Shader import version has changed; will reimport all shaders...
Upgrading shader files ...0.014873 seconds.
Application.AssetDatabase Initial Script Refresh Start
RefreshInfo: InitialScriptRefreshV2(NoUpdateAssetOptions) scanfilter:  ... 1 filters
RefreshProfiler: Total: 0.000ms
Application.AssetDatabase Initial Script Refresh End
Application.AssetDatabase.Refresh Start
Application.AssetDatabase.Refresh End
RefreshInfo: StopAssetImportingV2(ForceSynchronousImport) scanfilter: 
RefreshProfiler: Total: 0.000ms
Launching external process: /Applications/Unity/Hub/Editor/2020.3.18f1/Unity.app/Contents/Tools/UnityShaderCompiler
Launched and connected shader compiler UnityShaderCompiler after 0.01 seconds
Initializing Unity extensions:
2022-10-12 08:38:26.519 Unity[2769:24615] NSEventModifierFlagFunction specified to -setKeyEquivalentModifierMask: for item <NSMenuItem: 0x6000001de610 Font Asset, ke='Command-F12'>, but is only supported for system-provided menu items; will not be used
2022-10-12 08:38:26.526 Unity[2769:24615] NSEventModifierFlagFunction specified to -setKeyEquivalentModifierMask: for item <NSMenuItem: 0x6000001eb330 Font Asset, ke='Command-F12'>, but is only supported for system-provided menu items; will not be used
========================================================================
Worker process is ready to serve import requests
Refreshing native plugins compatible for Editor in 0.68 ms, found 2 plugins.
Preloading 0 native plugins for Editor in 0.00 ms.
Unloading 3169 Unused Serialized files (Serialized files now loaded: 0)
System memory in use before: 292.4 MB.
System memory in use after: 292.2 MB.

Unloading 184 unused Assets to reduce memory usage. Loaded Objects now: 3645.
Total: 4.660328 ms (FindLiveObjects: 0.385413 ms CreateObjectMapping: 0.133102 ms MarkObjects: 3.761322 ms  DeleteObjects: 0.379185 ms)

AssetImportParameters requested are different than current active one (requested -> active):
  custom:video-decoder-ogg-theora: a1e56fd34408186e4bbccfd4996cb3dc -> 
  custom:container-muxer-webm: aa71ff27fc2769a1b78a27578f13a17b -> 
  custom:container-demuxer-webm: 4f35f7cbe854078d1ac9338744f61a02 -> 
  custom:container-demuxer-ogg: 62fdf1f143b41e24485cea50d1cbac27 -> 
  custom:video-encoder-webm-vp8: eb34c28f22e8b96e1ab97ce403110664 -> 
  custom:framework-osx-AVFoundation: e770b220cccbd017edd2c1fefb359320 -> 
  custom:video-decoder-webm-vp8: 9c59270c3fd7afecdb556c50c9e8de78 -> 
  custom:audio-decoder-ogg-vorbis: bf7c407c2cedff20999df2af8eb42d56 -> 
  custom:audio-encoder-webm-vorbis: bf7c407c2cedff20999df2af8eb42d56 -> 
========================================================================
Received Import Request.
  path: Assets/GameDevHQ/FileBase/3D/Environments/Sci-Fi/Scifi_Stair_01_02/tex/StairsnOthers_AlbedoTransparency_blue.png
  artifactKey: Guid(42924679b06a840138baee79b6d0eb43) Importer(815301076,1909f56bfc062723c751e8b465ee728b)
Start importing Assets/GameDevHQ/FileBase/3D/Environments/Sci-Fi/Scifi_Stair_01_02/tex/StairsnOthers_AlbedoTransparency_blue.png using Guid(42924679b06a840138baee79b6d0eb43) Importer(815301076,1909f56bfc062723c751e8b465ee728b)  -> (artifact id: '54be49c8b49f94dfb26c2b3e9eb9e051') in 0.284022 seconds 
  Import took 0.289515 seconds .

========================================================================
Received Import Request.
  Time since last request: 404.712192 seconds.
  path: Assets/GameDevHQ/FileBase/3D/Environments/Sci-Fi/Scifi_Floors_01_12/FBX/Scifi_Floors_10.fbx
  artifactKey: Guid(dd34d32d603b6455a84a5a4467201dfe) Importer(815301076,1909f56bfc062723c751e8b465ee728b)
Start importing Assets/GameDevHQ/FileBase/3D/Environments/Sci-Fi/Scifi_Floors_01_12/FBX/Scifi_Floors_10.fbx using Guid(dd34d32d603b6455a84a5a4467201dfe) Importer(815301076,1909f56bfc062723c751e8b465ee728b)  -> (artifact id: 'ac7b78420916834b5f32001e848b1dff') in 1.459990 seconds 
  Import took 1.466956 seconds .

========================================================================
Received Import Request.
  Time since last request: 18.851308 seconds.
  path: Assets/GameDevHQ/FileBase/3D/Environments/Sci-Fi/Scifi_Floors_01_12/tex/Grounds_Emission.png
  artifactKey: Guid(86291bad63da540e9aa138a6d6da7b6f) Importer(815301076,1909f56bfc062723c751e8b465ee728b)
Start importing Assets/GameDevHQ/FileBase/3D/Environments/Sci-Fi/Scifi_Floors_01_12/tex/Grounds_Emission.png using Guid(86291bad63da540e9aa138a6d6da7b6f) Importer(815301076,1909f56bfc062723c751e8b465ee728b)  -> (artifact id: '24f240ce3a82415cda93bc49b42ffe91') in 0.015171 seconds 
  Import took 0.020866 seconds .

AssetImportWorkerClient::OnTransportError - code=2 error=End of file
